<?xml version="1.0" encoding="UTF-8"?>
<!-- Generated by org.testng.reporters.JUnitXMLReporter -->
<testsuite hostname="WIN-28WDQBWIDT4" name="testMessagePrintout" tests="30" failures="9" timestamp="22 Apr 2015 15:14:29 GMT" time="0.28" errors="0">
  <testcase name="testWelcomeMessagePage_001" time="0.0" classname="sample.WelcomeMessageTest"/>
  <testcase name="testWelcomeMessagePage_002" time="0.0" classname="sample.WelcomeMessageTest">
    <failure type="java.lang.AssertionError" message="expected [false] but found [true]">
      <![CDATA[java.lang.AssertionError: expected [false] but found [true]
	at sample.WelcomeMessageTest.testWelcomeMessagePage_002(WelcomeMessageTest.java:45)
... Removed 28 stack frames]]>
    </failure>
  </testcase> <!-- testWelcomeMessagePage_002 -->
  <testcase name="testWelcomeMessagePage_003" time="0.0" classname="sample.WelcomeMessageTest"/>
  <testcase name="testWelcomeMessagePage_004" time="0.0" classname="sample.WelcomeMessageTest">
    <failure type="java.lang.AssertionError" message="expected [false] but found [true]">
      <![CDATA[java.lang.AssertionError: expected [false] but found [true]
	at sample.WelcomeMessageTest.testWelcomeMessagePage_004(WelcomeMessageTest.java:68)
... Removed 28 stack frames]]>
    </failure>
  </testcase> <!-- testWelcomeMessagePage_004 -->
  <testcase name="testWelcomeMessagePage_005" time="0.0" classname="sample.WelcomeMessageTest"/>
  <testcase name="testWelcomeMessagePage_006" time="0.0" classname="sample.WelcomeMessageTest">
    <failure type="java.lang.AssertionError" message="expected [false] but found [true]">
      <![CDATA[java.lang.AssertionError: expected [false] but found [true]
	at sample.WelcomeMessageTest.testWelcomeMessagePage_006(WelcomeMessageTest.java:91)
... Removed 28 stack frames]]>
    </failure>
  </testcase> <!-- testWelcomeMessagePage_006 -->
  <testcase name="testWelcomeMessagePage_007" time="0.0" classname="sample.WelcomeMessageTest"/>
  <testcase name="testWelcomeMessagePage_008" time="0.0" classname="sample.WelcomeMessageTest">
    <failure type="java.lang.AssertionError" message="expected [false] but found [true]">
      <![CDATA[java.lang.AssertionError: expected [false] but found [true]
	at sample.WelcomeMessageTest.testWelcomeMessagePage_008(WelcomeMessageTest.java:114)
... Removed 28 stack frames]]>
    </failure>
  </testcase> <!-- testWelcomeMessagePage_008 -->
  <testcase name="testWelcomeMessagePage_009" time="0.0" classname="sample.WelcomeMessageTest"/>
  <testcase name="testWelcomeMessagePage_010" time="0.0" classname="sample.WelcomeMessageTest">
    <failure type="java.lang.AssertionError" message="expected [false] but found [true]">
      <![CDATA[java.lang.AssertionError: expected [false] but found [true]
	at sample.WelcomeMessageTest.testWelcomeMessagePage_010(WelcomeMessageTest.java:137)
... Removed 28 stack frames]]>
    </failure>
  </testcase> <!-- testWelcomeMessagePage_010 -->
  <testcase name="testWelcomeMessagePage_011" time="0.0" classname="sample.WelcomeMessageTest"/>
  <testcase name="testWelcomeMessagePage_012" time="0.0" classname="sample.WelcomeMessageTest">
    <failure type="java.lang.AssertionError" message="expected [false] but found [true]">
      <![CDATA[java.lang.AssertionError: expected [false] but found [true]
	at sample.WelcomeMessageTest.testWelcomeMessagePage_012(WelcomeMessageTest.java:160)
... Removed 28 stack frames]]>
    </failure>
  </testcase> <!-- testWelcomeMessagePage_012 -->
  <testcase name="testWelcomeMessagePage_013" time="0.0" classname="sample.WelcomeMessageTest">
    <failure type="java.lang.AssertionError" message="expected [false] but found [true]">
      <![CDATA[java.lang.AssertionError: expected [false] but found [true]
	at sample.WelcomeMessageTest.testWelcomeMessagePage_013(WelcomeMessageTest.java:172)
... Removed 28 stack frames]]>
    </failure>
  </testcase> <!-- testWelcomeMessagePage_013 -->
  <testcase name="testWelcomeMessagePage_014" time="0.0" classname="sample.WelcomeMessageTest"/>
  <testcase name="testWelcomeMessagePage_015" time="0.0" classname="sample.WelcomeMessageTest"/>
  <testcase name="testWelcomeMessagePage_016" time="0.0" classname="sample.WelcomeMessageTest"/>
  <testcase name="testWelcomeMessagePage_017" time="0.0" classname="sample.WelcomeMessageTest">
    <failure type="java.lang.AssertionError" message="expected [false] but found [true]">
      <![CDATA[java.lang.AssertionError: expected [false] but found [true]
	at sample.WelcomeMessageTest.testWelcomeMessagePage_017(WelcomeMessageTest.java:217)
... Removed 28 stack frames]]>
    </failure>
  </testcase> <!-- testWelcomeMessagePage_017 -->
  <testcase name="testWelcomeMessagePage_018" time="0.0" classname="sample.WelcomeMessageTest"/>
  <testcase name="testWelcomeMessagePage_019" time="0.0" classname="sample.WelcomeMessageTest"/>
  <testcase name="testWelcomeMessagePage_020" time="0.0" classname="sample.WelcomeMessageTest">
    <failure type="java.lang.AssertionError" message="expected [false] but found [true]">
      <![CDATA[java.lang.AssertionError: expected [false] but found [true]
	at sample.WelcomeMessageTest.testWelcomeMessagePage_020(WelcomeMessageTest.java:251)
... Removed 28 stack frames]]>
    </failure>
  </testcase> <!-- testWelcomeMessagePage_020 -->
  <testcase name="testWelcomeMessagePage_021" time="0.0" classname="sample.WelcomeMessageTest"/>
  <testcase name="testWelcomeMessagePage_022" time="0.0" classname="sample.WelcomeMessageTest"/>
  <testcase name="testWelcomeMessagePage_023" time="0.0" classname="sample.WelcomeMessageTest"/>
  <testcase name="testWelcomeMessagePage_024" time="0.0" classname="sample.WelcomeMessageTest"/>
  <testcase name="testWelcomeMessagePage_025" time="0.0" classname="sample.WelcomeMessageTest"/>
  <testcase name="testWelcomeMessagePage_026" time="0.0" classname="sample.WelcomeMessageTest"/>
  <testcase name="testWelcomeMessagePage_027" time="0.0" classname="sample.WelcomeMessageTest"/>
  <testcase name="testWelcomeMessagePage_028" time="0.0" classname="sample.WelcomeMessageTest"/>
  <testcase name="testWelcomeMessagePage_029" time="0.015" classname="sample.WelcomeMessageTest"/>
  <testcase name="testWelcomeMessagePage_030" time="0.0" classname="sample.WelcomeMessageTest"/>
</testsuite> <!-- testMessagePrintout -->
