<?xml version="1.0" encoding="UTF-8"?>
<testsuite name="TestSuite" time="39.762" tests="35" errors="0" skipped="0" failures="11">
  <properties>
[...]
</properties>
  <testcase name="testURLs" classname="sample.OpenBrowser" time="39.621"/>
  <testcase name="testDivisionException" classname="sample.CalculatorTestSuccessful" time="0"/>
  <testcase name="testDivison" classname="sample.CalculatorTestSuccessful" time="0"/>
  <testcase name="testSubstraction" classname="sample.CalculatorTestSuccessful" time="0">
    <failure message="expected [true] but found [false]" type="java.lang.AssertionError">java.lang.AssertionError: expected [true] but found [false]
	at org.testng.Assert.fail(Assert.java:94)
	at org.testng.Assert.failNotEquals(Assert.java:494)
	at org.testng.Assert.assertTrue(Assert.java:42)
	at org.testng.Assert.assertTrue(Assert.java:52)
	at sample.CalculatorTestSuccessful.testSubstraction(CalculatorTestSuccessful.java:73)
</failure>
  </testcase>
  <testcase name="testSum" classname="sample.CalculatorTestSuccessful" time="0">
    <failure message="expected [12] but found [7]" type="java.lang.AssertionError">java.lang.AssertionError: expected [12] but found [7]
	at org.testng.Assert.fail(Assert.java:94)
	at org.testng.Assert.failNotEquals(Assert.java:494)
	at org.testng.Assert.assertEquals(Assert.java:123)
	at org.testng.Assert.assertEquals(Assert.java:370)
	at org.testng.Assert.assertEquals(Assert.java:380)
	at sample.CalculatorTestSuccessful.testSum(CalculatorTestSuccessful.java:38)
</failure>
    <system-out><![CDATA[----- START OF Verify function testSum in CalculatorTestSuccessful class -------------
]]></system-out>
  </testcase>
  <testcase name="testWelcomeMessagePage_001" classname="sample.WelcomeMessageTest" time="0"/>
  <testcase name="testWelcomeMessagePage_002" classname="sample.WelcomeMessageTest" time="0">
    <failure message="expected [false] but found [true]" type="java.lang.AssertionError">java.lang.AssertionError: expected [false] but found [true]
	at org.testng.Assert.fail(Assert.java:94)
	at org.testng.Assert.failNotEquals(Assert.java:494)
	at org.testng.Assert.assertEquals(Assert.java:123)
	at org.testng.Assert.assertEquals(Assert.java:286)
	at org.testng.Assert.assertEquals(Assert.java:296)
	at sample.WelcomeMessageTest.testWelcomeMessagePage_002(WelcomeMessageTest.java:45)
</failure>
    <system-out><![CDATA[------------------------------------------
----testWelcomeMessagePage_002 -----------
------------------------------------------
+++ Message from METHOD: testWelcomeMessagePage_002 +++
]]></system-out>
  </testcase>
  <testcase name="testWelcomeMessagePage_003" classname="sample.WelcomeMessageTest" time="0"/>
  <testcase name="testWelcomeMessagePage_004" classname="sample.WelcomeMessageTest" time="0.016">
    <failure message="expected [false] but found [true]" type="java.lang.AssertionError">java.lang.AssertionError: expected [false] but found [true]
	at org.testng.Assert.fail(Assert.java:94)
	at org.testng.Assert.failNotEquals(Assert.java:494)
	at org.testng.Assert.assertEquals(Assert.java:123)
	at org.testng.Assert.assertEquals(Assert.java:286)
	at org.testng.Assert.assertEquals(Assert.java:296)
	at sample.WelcomeMessageTest.testWelcomeMessagePage_004(WelcomeMessageTest.java:68)
</failure>
    <system-out><![CDATA[------------------------------------------
----testWelcomeMessagePage_004 -----------
------------------------------------------
+++ Message from METHOD: testWelcomeMessagePage_004 +++
]]></system-out>
  </testcase>
  <testcase name="testWelcomeMessagePage_005" classname="sample.WelcomeMessageTest" time="0"/>
  <testcase name="testWelcomeMessagePage_006" classname="sample.WelcomeMessageTest" time="0">
    <failure message="expected [false] but found [true]" type="java.lang.AssertionError">java.lang.AssertionError: expected [false] but found [true]
	at org.testng.Assert.fail(Assert.java:94)
	at org.testng.Assert.failNotEquals(Assert.java:494)
	at org.testng.Assert.assertEquals(Assert.java:123)
	at org.testng.Assert.assertEquals(Assert.java:286)
	at org.testng.Assert.assertEquals(Assert.java:296)
	at sample.WelcomeMessageTest.testWelcomeMessagePage_006(WelcomeMessageTest.java:91)
</failure>
    <system-out><![CDATA[------------------------------------------
----testWelcomeMessagePage_006 -----------
------------------------------------------
+++ Message from METHOD: testWelcomeMessagePage_006 +++
]]></system-out>
  </testcase>
  <testcase name="testWelcomeMessagePage_007" classname="sample.WelcomeMessageTest" time="0"/>
  <testcase name="testWelcomeMessagePage_008" classname="sample.WelcomeMessageTest" time="0">
    <failure message="expected [false] but found [true]" type="java.lang.AssertionError">java.lang.AssertionError: expected [false] but found [true]
	at org.testng.Assert.fail(Assert.java:94)
	at org.testng.Assert.failNotEquals(Assert.java:494)
	at org.testng.Assert.assertEquals(Assert.java:123)
	at org.testng.Assert.assertEquals(Assert.java:286)
	at org.testng.Assert.assertEquals(Assert.java:296)
	at sample.WelcomeMessageTest.testWelcomeMessagePage_008(WelcomeMessageTest.java:114)
</failure>
    <system-out><![CDATA[------------------------------------------
----testWelcomeMessagePage_008 -----------
------------------------------------------
+++ Message from METHOD: testWelcomeMessagePage_008 +++
]]></system-out>
  </testcase>
  <testcase name="testWelcomeMessagePage_009" classname="sample.WelcomeMessageTest" time="0"/>
  <testcase name="testWelcomeMessagePage_010" classname="sample.WelcomeMessageTest" time="0">
    <failure message="expected [false] but found [true]" type="java.lang.AssertionError">java.lang.AssertionError: expected [false] but found [true]
	at org.testng.Assert.fail(Assert.java:94)
	at org.testng.Assert.failNotEquals(Assert.java:494)
	at org.testng.Assert.assertEquals(Assert.java:123)
	at org.testng.Assert.assertEquals(Assert.java:286)
	at org.testng.Assert.assertEquals(Assert.java:296)
	at sample.WelcomeMessageTest.testWelcomeMessagePage_010(WelcomeMessageTest.java:137)
</failure>
    <system-out><![CDATA[------------------------------------------
----testWelcomeMessagePage_010 -----------
------------------------------------------
+++ Message from METHOD: testWelcomeMessagePage_010 +++
]]></system-out>
  </testcase>
  <testcase name="testWelcomeMessagePage_011" classname="sample.WelcomeMessageTest" time="0.015"/>
  <testcase name="testWelcomeMessagePage_012" classname="sample.WelcomeMessageTest" time="0">
    <failure message="expected [false] but found [true]" type="java.lang.AssertionError">java.lang.AssertionError: expected [false] but found [true]
	at org.testng.Assert.fail(Assert.java:94)
	at org.testng.Assert.failNotEquals(Assert.java:494)
	at org.testng.Assert.assertEquals(Assert.java:123)
	at org.testng.Assert.assertEquals(Assert.java:286)
	at org.testng.Assert.assertEquals(Assert.java:296)
	at sample.WelcomeMessageTest.testWelcomeMessagePage_012(WelcomeMessageTest.java:160)
</failure>
    <system-out><![CDATA[------------------------------------------
----testWelcomeMessagePage_012 -----------
------------------------------------------
+++ Message from METHOD: testWelcomeMessagePage_012 +++
]]></system-out>
  </testcase>
  <testcase name="testWelcomeMessagePage_013" classname="sample.WelcomeMessageTest" time="0">
    <failure message="expected [false] but found [true]" type="java.lang.AssertionError">java.lang.AssertionError: expected [false] but found [true]
	at org.testng.Assert.fail(Assert.java:94)
	at org.testng.Assert.failNotEquals(Assert.java:494)
	at org.testng.Assert.assertEquals(Assert.java:123)
	at org.testng.Assert.assertEquals(Assert.java:286)
	at org.testng.Assert.assertEquals(Assert.java:296)
	at sample.WelcomeMessageTest.testWelcomeMessagePage_013(WelcomeMessageTest.java:172)
</failure>
    <system-out><![CDATA[------------------------------------------
----testWelcomeMessagePage_013 -----------
------------------------------------------
+++ Message from METHOD: testWelcomeMessagePage_013 +++
]]></system-out>
  </testcase>
  <testcase name="testWelcomeMessagePage_014" classname="sample.WelcomeMessageTest" time="0"/>
  <testcase name="testWelcomeMessagePage_015" classname="sample.WelcomeMessageTest" time="0"/>
  <testcase name="testWelcomeMessagePage_016" classname="sample.WelcomeMessageTest" time="0"/>
  <testcase name="testWelcomeMessagePage_017" classname="sample.WelcomeMessageTest" time="0.016">
    <failure message="expected [false] but found [true]" type="java.lang.AssertionError">java.lang.AssertionError: expected [false] but found [true]
	at org.testng.Assert.fail(Assert.java:94)
	at org.testng.Assert.failNotEquals(Assert.java:494)
	at org.testng.Assert.assertEquals(Assert.java:123)
	at org.testng.Assert.assertEquals(Assert.java:286)
	at org.testng.Assert.assertEquals(Assert.java:296)
	at sample.WelcomeMessageTest.testWelcomeMessagePage_017(WelcomeMessageTest.java:217)
</failure>
    <system-out><![CDATA[------------------------------------------
----testWelcomeMessagePage_017 -----------
------------------------------------------
+++ Message from METHOD: testWelcomeMessagePage_017 +++
]]></system-out>
  </testcase>
  <testcase name="testWelcomeMessagePage_018" classname="sample.WelcomeMessageTest" time="0"/>
  <testcase name="testWelcomeMessagePage_019" classname="sample.WelcomeMessageTest" time="0"/>
  <testcase name="testWelcomeMessagePage_020" classname="sample.WelcomeMessageTest" time="0">
    <failure message="expected [false] but found [true]" type="java.lang.AssertionError">java.lang.AssertionError: expected [false] but found [true]
	at org.testng.Assert.fail(Assert.java:94)
	at org.testng.Assert.failNotEquals(Assert.java:494)
	at org.testng.Assert.assertEquals(Assert.java:123)
	at org.testng.Assert.assertEquals(Assert.java:286)
	at org.testng.Assert.assertEquals(Assert.java:296)
	at sample.WelcomeMessageTest.testWelcomeMessagePage_020(WelcomeMessageTest.java:251)
</failure>
    <system-out><![CDATA[------------------------------------------
----testWelcomeMessagePage_020 -----------
------------------------------------------
+++ Message from METHOD: testWelcomeMessagePage_020 +++
]]></system-out>
  </testcase>
  <testcase name="testWelcomeMessagePage_021" classname="sample.WelcomeMessageTest" time="0"/>
  <testcase name="testWelcomeMessagePage_022" classname="sample.WelcomeMessageTest" time="0"/>
  <testcase name="testWelcomeMessagePage_023" classname="sample.WelcomeMessageTest" time="0.016"/>
  <testcase name="testWelcomeMessagePage_024" classname="sample.WelcomeMessageTest" time="0.031"/>
  <testcase name="testWelcomeMessagePage_025" classname="sample.WelcomeMessageTest" time="0"/>
  <testcase name="testWelcomeMessagePage_026" classname="sample.WelcomeMessageTest" time="0"/>
  <testcase name="testWelcomeMessagePage_027" classname="sample.WelcomeMessageTest" time="0"/>
  <testcase name="testWelcomeMessagePage_028" classname="sample.WelcomeMessageTest" time="0"/>
  <testcase name="testWelcomeMessagePage_029" classname="sample.WelcomeMessageTest" time="0.015"/>
  <testcase name="testWelcomeMessagePage_030" classname="sample.WelcomeMessageTest" time="0.032"/>
</testsuite>